Removed Pin From Net: NetName=SDWN Pin=XP4-1
Removed Pin From Net: NetName=SW_MODE Pin=XP4-2
Removed Pin From Net: NetName=SW_PWR Pin=XP4-3
Removed Pin From Net: NetName=LED_FS Pin=XP4-4
Removed Pin From Net: NetName=LED_MSG Pin=XP4-5
Removed Pin From Net: NetName=+5V Pin=XP4-6
Added Component: Designator=R29(SMD_0805)
Add component. Clean all parameters for all variants
Add component (AddParameter): Name = "Value"; Value = ""; VariantName = "[No Variations]"
Added Component: Designator=R30(SMD_0805)
Add component. Clean all parameters for all variants
Add component (AddParameter): Name = "Value"; Value = ""; VariantName = "[No Variations]"
Added Component: Designator=R31(SMD_0805)
Add component. Clean all parameters for all variants
Add component (AddParameter): Name = "Value"; Value = ""; VariantName = "[No Variations]"
Added Component: Designator=R32(SMD_0805)
Add component. Clean all parameters for all variants
Add component (AddParameter): Name = "Value"; Value = ""; VariantName = "[No Variations]"
Added Pin To Net: NetName=LED_MSG Pin=R29-2
Added Pin To Net: NetName=LED_FS Pin=R30-2
Added Pin To Net: NetName=SW_MODE Pin=R31-2
Added Pin To Net: NetName=SW_PWR Pin=R32-2
Added Pin To Net: NetName=GND Pin=XP4-2
Added Pin To Net: NetName=GND Pin=XP4-4
Added Pin To Net: NetName=GND Pin=XP4-6
Added Pin To Net: NetName=NetR29_1 Pin=R29-1
Added Pin To Net: NetName=NetR29_1 Pin=XP4-1
Added Net: Name=NetR29_1
Added Pin To Net: NetName=NetR30_1 Pin=R30-1
Added Pin To Net: NetName=NetR30_1 Pin=XP4-3
Added Net: Name=NetR30_1
Added Pin To Net: NetName=NetR31_1 Pin=R31-1
Added Pin To Net: NetName=NetR31_1 Pin=XP4-5
Added Net: Name=NetR31_1
Added Pin To Net: NetName=NetR32_1 Pin=R32-1
Added Pin To Net: NetName=NetR32_1 Pin=XP4-7
Added Net: Name=NetR32_1
Added Member To Class: ClassName=MCU Member=Component R29 
Added Member To Class: ClassName=MCU Member=Component R30 
Added Member To Class: ClassName=MCU Member=Component R31 
Added Member To Class: ClassName=MCU Member=Component R32 
