Added Component: Designator=Q3(SOT23-3PIN)
Add component. Clean all parameters for all variants
Add component (AddParameter): Name = "Case"; Value = "SOT-23"; VariantName = "[No Variations]"
Add component (AddParameter): Name = "HelpURL"; Value = "https://cdn.sparkfun.com/datasheets/BreakoutBoards/BSS138.pdf"; VariantName = "[No Variations]"
Add component (AddParameter): Name = "Manufacture"; Value = "Fairchild"; VariantName = "[No Variations]"
Add component (AddParameter): Name = "Model"; Value = "BSS138"; VariantName = "[No Variations]"
Added Component: Designator=R25(SMD_0805)
Add component. Clean all parameters for all variants
Add component (AddParameter): Name = "Value"; Value = ""; VariantName = "[No Variations]"
Added Component: Designator=R26(SMD_0805)
Add component. Clean all parameters for all variants
Add component (AddParameter): Name = "Value"; Value = ""; VariantName = "[No Variations]"
Added Component: Designator=R27(SMD_0805)
Add component. Clean all parameters for all variants
Add component (AddParameter): Name = "Value"; Value = ""; VariantName = "[No Variations]"
Added Component: Designator=R28(SMD_0805)
Add component. Clean all parameters for all variants
Add component (AddParameter): Name = "Value"; Value = ""; VariantName = "[No Variations]"
Added Pin To Net: NetName=GND Pin=Q3-2
Added Pin To Net: NetName=+12V Pin=R25-2
Added Pin To Net: NetName=SDWN Pin=R27-2
Added Pin To Net: NetName=GND Pin=R28-1
Added Pin To Net: NetName=NetQ3_1 Pin=Q3-1
Added Pin To Net: NetName=NetQ3_1 Pin=R27-1
Added Pin To Net: NetName=NetQ3_1 Pin=R28-2
Added Net: Name=NetQ3_1
Added Pin To Net: NetName=NetQ3_3 Pin=Q3-3
Added Pin To Net: NetName=NetQ3_3 Pin=R25-1
Added Pin To Net: NetName=NetQ3_3 Pin=R26-1
Added Net: Name=NetQ3_3
Added Pin To Net: NetName=NetR26_2 Pin=R26-2
Added Pin To Net: NetName=NetR26_2 Pin=U3-3
Added Net: Name=NetR26_2
Added Member To Class: ClassName=Power Member=Component Q3 BSS138
Added Member To Class: ClassName=Power Member=Component R25 
Added Member To Class: ClassName=Power Member=Component R26 
Added Member To Class: ClassName=Power Member=Component R27 
Added Member To Class: ClassName=Power Member=Component R28 
