Added Component: Designator=C1(SMD_0805)
Add component. Clean all parameters for all variants
Add component (AddParameter): Name = "Value"; Value = ""; VariantName = "[No Variations]"
Added Component: Designator=C2(SMD_0805)
Add component. Clean all parameters for all variants
Add component (AddParameter): Name = "Value"; Value = ""; VariantName = "[No Variations]"
Added Component: Designator=C3(SMD_0805)
Add component. Clean all parameters for all variants
Add component (AddParameter): Name = "Value"; Value = "0.022x50V"; VariantName = "[No Variations]"
Added Component: Designator=C4(CAPR-5/2.5)
Add component. Clean all parameters for all variants
Add component (AddParameter): Name = "Value"; Value = "4.7x25V"; VariantName = "[No Variations]"
Added Component: Designator=C5(CAPR-5/2.5)
Add component. Clean all parameters for all variants
Add component (AddParameter): Name = "Value"; Value = "10x400V"; VariantName = "[No Variations]"
Added Component: Designator=C6(MKR-X2-0.22-10)
Add component. Clean all parameters for all variants
Add component (AddParameter): Name = "Value"; Value = ""; VariantName = "[No Variations]"
Added Component: Designator=C7(SMD_0805)
Add component. Clean all parameters for all variants
Add component (AddParameter): Name = "Value"; Value = ""; VariantName = "[No Variations]"
Added Component: Designator=C8(CAPR-5/2.5)
Add component. Clean all parameters for all variants
Add component (AddParameter): Name = "Value"; Value = "47x50V"; VariantName = "[No Variations]"
Added Component: Designator=C9(SMD_0805)
Add component. Clean all parameters for all variants
Add component (AddParameter): Name = "Value"; Value = ""; VariantName = "[No Variations]"
Added Component: Designator=C10(SMD_0805)
Add component. Clean all parameters for all variants
Add component (AddParameter): Name = "Value"; Value = ""; VariantName = "[No Variations]"
Added Component: Designator=C11(CAPR-5/2.5)
Add component. Clean all parameters for all variants
Add component (AddParameter): Name = "Value"; Value = ""; VariantName = "[No Variations]"
Added Component: Designator=C12(SMD_0805)
Add component. Clean all parameters for all variants
Add component (AddParameter): Name = "Value"; Value = ""; VariantName = "[No Variations]"
Added Component: Designator=C13(SMD_0805)
Add component. Clean all parameters for all variants
Add component (AddParameter): Name = "Value"; Value = ""; VariantName = "[No Variations]"
Added Component: Designator=C14(SMD_0805)
Add component. Clean all parameters for all variants
Add component (AddParameter): Name = "Value"; Value = ""; VariantName = "[No Variations]"
Added Component: Designator=C15(SMD_0805)
Add component. Clean all parameters for all variants
Add component (AddParameter): Name = "Value"; Value = ""; VariantName = "[No Variations]"
Added Component: Designator=C16(SMD_0805)
Add component. Clean all parameters for all variants
Add component (AddParameter): Name = "Value"; Value = ""; VariantName = "[No Variations]"
Added Component: Designator=C17(SMD_0805)
Add component. Clean all parameters for all variants
Add component (AddParameter): Name = "Value"; Value = ""; VariantName = "[No Variations]"
Added Component: Designator=F1(KLS-1035)
Add component. Clean all parameters for all variants
Add component (AddParameter): Name = "Value"; Value = ""; VariantName = "[No Variations]"
Added Component: Designator=L1(PLA10AN3521R2R2B)
Add component. Clean all parameters for all variants
Added Component: Designator=L2(IND-DV0470.00K)
Add component. Clean all parameters for all variants
Add component (AddParameter): Name = "Value"; Value = "470u@0.7A"; VariantName = "[No Variations]"
Added Component: Designator=L3(IND-DV0470.00K)
Add component. Clean all parameters for all variants
Add component (AddParameter): Name = "Value"; Value = ""; VariantName = "[No Variations]"
Added Component: Designator=Q?(TO-252)
Add component. Clean all parameters for all variants
Add component (AddParameter): Name = "Case"; Value = "TO-252"; VariantName = "[No Variations]"
Add component (AddParameter): Name = "HelpURL"; Value = "https://www.rcscomponents.com/datasheets/irfr420pbf.pdf"; VariantName = "[No Variations]"
Add component (AddParameter): Name = "Manufacture"; Value = "Vishay"; VariantName = "[No Variations]"
Add component (AddParameter): Name = "Model"; Value = "IRFR420"; VariantName = "[No Variations]"
Added Component: Designator=Q?(TO-252)
Add component. Clean all parameters for all variants
Add component (AddParameter): Name = "Case"; Value = "TO-252"; VariantName = "[No Variations]"
Add component (AddParameter): Name = "HelpURL"; Value = "https://www.rcscomponents.com/datasheets/irfr420pbf.pdf"; VariantName = "[No Variations]"
Add component (AddParameter): Name = "Manufacture"; Value = "Vishay"; VariantName = "[No Variations]"
Add component (AddParameter): Name = "Model"; Value = "IRFR420"; VariantName = "[No Variations]"
Added Component: Designator=R1(SMD_0805)
Add component. Clean all parameters for all variants
Add component (AddParameter): Name = "Value"; Value = ""; VariantName = "[No Variations]"
Added Component: Designator=R2(NTC-5mm)
Add component. Clean all parameters for all variants
Added Component: Designator=R3(VAR-10D)
Add component. Clean all parameters for all variants
Added Component: Designator=R4(SMD_0805)
Add component. Clean all parameters for all variants
Add component (AddParameter): Name = "Value"; Value = ""; VariantName = "[No Variations]"
Added Component: Designator=R5(SMD_0805)
Add component. Clean all parameters for all variants
Add component (AddParameter): Name = "Value"; Value = ""; VariantName = "[No Variations]"
Added Component: Designator=R6(SMD_0805)
Add component. Clean all parameters for all variants
Add component (AddParameter): Name = "Value"; Value = ""; VariantName = "[No Variations]"
Added Component: Designator=R7(SMD_0805)
Add component. Clean all parameters for all variants
Add component (AddParameter): Name = "Value"; Value = ""; VariantName = "[No Variations]"
Added Component: Designator=R8(SMD_0805)
Add component. Clean all parameters for all variants
Add component (AddParameter): Name = "Value"; Value = ""; VariantName = "[No Variations]"
Added Component: Designator=R9(VAR-10D)
Add component. Clean all parameters for all variants
Added Component: Designator=R10(SMD_0805)
Add component. Clean all parameters for all variants
Add component (AddParameter): Name = "Value"; Value = ""; VariantName = "[No Variations]"
Added Component: Designator=R11(SMD_0805)
Add component. Clean all parameters for all variants
Add component (AddParameter): Name = "Value"; Value = ""; VariantName = "[No Variations]"
Added Component: Designator=R12(SMD_0805)
Add component. Clean all parameters for all variants
Add component (AddParameter): Name = "Value"; Value = ""; VariantName = "[No Variations]"
Added Component: Designator=R13(SMD_0805)
Add component. Clean all parameters for all variants
Add component (AddParameter): Name = "Value"; Value = ""; VariantName = "[No Variations]"
Added Component: Designator=R14(SMD_0805)
Add component. Clean all parameters for all variants
Add component (AddParameter): Name = "Value"; Value = ""; VariantName = "[No Variations]"
Added Component: Designator=R15(RES-ADJ-S-2.5)
Add component. Clean all parameters for all variants
Add component (AddParameter): Name = "Value"; Value = ""; VariantName = "[No Variations]"
Added Component: Designator=R16(SMD_0805)
Add component. Clean all parameters for all variants
Add component (AddParameter): Name = "Value"; Value = ""; VariantName = "[No Variations]"
Added Component: Designator=R17(SMD_0805)
Add component. Clean all parameters for all variants
Add component (AddParameter): Name = "Value"; Value = ""; VariantName = "[No Variations]"
Added Component: Designator=R18(SMD_0805)
Add component. Clean all parameters for all variants
Add component (AddParameter): Name = "Value"; Value = ""; VariantName = "[No Variations]"
Added Component: Designator=R19(SMD_0805)
Add component. Clean all parameters for all variants
Add component (AddParameter): Name = "Value"; Value = ""; VariantName = "[No Variations]"
Added Component: Designator=R20(SMD_0805)
Add component. Clean all parameters for all variants
Add component (AddParameter): Name = "Value"; Value = ""; VariantName = "[No Variations]"
Added Component: Designator=R21(SMD_0805)
Add component. Clean all parameters for all variants
Add component (AddParameter): Name = "Value"; Value = ""; VariantName = "[No Variations]"
Added Component: Designator=R22(SMD_0805)
Add component. Clean all parameters for all variants
Add component (AddParameter): Name = "Value"; Value = ""; VariantName = "[No Variations]"
Added Component: Designator=R23(SMD_0805)
Add component. Clean all parameters for all variants
Add component (AddParameter): Name = "Value"; Value = ""; VariantName = "[No Variations]"
Added Component: Designator=R24(SMD_0805)
Add component. Clean all parameters for all variants
Add component (AddParameter): Name = "Value"; Value = ""; VariantName = "[No Variations]"
Added Component: Designator=U2(SO8-150mil)
Add component. Clean all parameters for all variants
Added Component: Designator=U3(SO8-150mil)
Add component. Clean all parameters for all variants
Added Component: Designator=U4(SOIC-16)
Add component. Clean all parameters for all variants
Added Component: Designator=VD1(GBU BRIDGE)
Add component. Clean all parameters for all variants
Added Component: Designator=VD2(SOD-323)
Add component. Clean all parameters for all variants
Add component (AddParameter): Name = "Value"; Value = ""; VariantName = "[No Variations]"
Added Component: Designator=VD3(SOD-323)
Add component. Clean all parameters for all variants
Add component (AddParameter): Name = "Value"; Value = ""; VariantName = "[No Variations]"
Added Component: Designator=VD4(DO214-AC)
Add component. Clean all parameters for all variants
Add component (AddParameter): Name = "Value"; Value = ""; VariantName = "[No Variations]"
Added Component: Designator=VD5(DO214-AC)
Add component. Clean all parameters for all variants
Add component (AddParameter): Name = "Value"; Value = ""; VariantName = "[No Variations]"
Added Component: Designator=VD6(DO214-AC)
Add component. Clean all parameters for all variants
Add component (AddParameter): Name = "Value"; Value = ""; VariantName = "[No Variations]"
Added Component: Designator=VD7(DO214-AC)
Add component. Clean all parameters for all variants
Add component (AddParameter): Name = "Value"; Value = ""; VariantName = "[No Variations]"
Added Component: Designator=VD8(DO214-AC)
Add component. Clean all parameters for all variants
Add component (AddParameter): Name = "Value"; Value = ""; VariantName = "[No Variations]"
Added Component: Designator=VD9(SOD-323)
Add component. Clean all parameters for all variants
Add component (AddParameter): Name = "Value"; Value = ""; VariantName = "[No Variations]"
Added Component: Designator=VD10(DO214-AC)
Add component. Clean all parameters for all variants
Add component (AddParameter): Name = "Value"; Value = ""; VariantName = "[No Variations]"
Added Component: Designator=XP1(HEAD-1/2/2.54)
Add component. Clean all parameters for all variants
Added Component: Designator=XP2(HEAD-1/3/2.54)
Add component. Clean all parameters for all variants
Added Pin To Net: NetName=+5V Pin=C2-1
Added Pin To Net: NetName=+5V Pin=C15-2
Added Pin To Net: NetName=+5V Pin=R1-2
Added Pin To Net: NetName=+5V Pin=R15-2
Added Pin To Net: NetName=+5V Pin=R16-2
Added Pin To Net: NetName=+5V Pin=R17-2
Added Pin To Net: NetName=+5V Pin=U4-14
Added Pin To Net: NetName=+5V Pin=VD10-1
Added Pin To Net: NetName=+5V Pin=XP2-1
Added Net: Name=+5V
Added Pin To Net: NetName=+12V Pin=C8-1
Added Pin To Net: NetName=+12V Pin=C10-1
Added Pin To Net: NetName=+12V Pin=C17-1
Added Pin To Net: NetName=+12V Pin=L2-2
Added Pin To Net: NetName=+12V Pin=U3-1
Added Pin To Net: NetName=+12V Pin=VD3-1
Added Pin To Net: NetName=+12V Pin=VD4-2
Added Pin To Net: NetName=+12V Pin=VD6-2
Added Net: Name=+12V
Added Pin To Net: NetName=GND Pin=C1-1
Added Pin To Net: NetName=GND Pin=C2-2
Added Pin To Net: NetName=GND Pin=C5-2
Added Pin To Net: NetName=GND Pin=C8-2
Added Pin To Net: NetName=GND Pin=C10-2
Added Pin To Net: NetName=GND Pin=C11-2
Added Pin To Net: NetName=GND Pin=C14-1
Added Pin To Net: NetName=GND Pin=C16-2
Added Pin To Net: NetName=GND Pin=C17-2
Added Pin To Net: NetName=GND Pin=R9-1
Added Pin To Net: NetName=GND Pin=R10-1
Added Pin To Net: NetName=GND Pin=R11-2
Added Pin To Net: NetName=GND Pin=R12-2
Added Pin To Net: NetName=GND Pin=R15-1
Added Pin To Net: NetName=GND Pin=R19-1
Added Pin To Net: NetName=GND Pin=R21-2
Added Pin To Net: NetName=GND Pin=R22-2
Added Pin To Net: NetName=GND Pin=R23-2
Added Pin To Net: NetName=GND Pin=R24-2
Added Pin To Net: NetName=GND Pin=U3-4
Added Pin To Net: NetName=GND Pin=U4-7
Added Pin To Net: NetName=GND Pin=VD1-4
Added Pin To Net: NetName=GND Pin=VD3-2
Added Pin To Net: NetName=GND Pin=VD5-2
Added Pin To Net: NetName=GND Pin=VD9-2
Added Pin To Net: NetName=GND Pin=XP2-3
Added Net: Name=GND
Added Net: Name=LED_FS
Added Net: Name=LED_MSG
Added Pin To Net: NetName=L Pin=F1-2
Added Pin To Net: NetName=L Pin=XP1-2
Added Net: Name=L
Added Pin To Net: NetName=NetC3_1 Pin=C3-1
Added Pin To Net: NetName=NetC3_1 Pin=C4-2
Added Pin To Net: NetName=NetC3_1 Pin=U2-1
Added Pin To Net: NetName=NetC3_1 Pin=U2-2
Added Net: Name=NetC3_1
Added Pin To Net: NetName=NetC3_2 Pin=C3-2
Added Pin To Net: NetName=NetC3_2 Pin=U2-3
Added Pin To Net: NetName=NetC3_2 Pin=VD2-2
Added Net: Name=NetC3_2
Added Pin To Net: NetName=NetC4_1 Pin=C4-1
Added Pin To Net: NetName=NetC4_1 Pin=L2-1
Added Pin To Net: NetName=NetC4_1 Pin=U2-4
Added Pin To Net: NetName=NetC4_1 Pin=VD2-1
Added Pin To Net: NetName=NetC4_1 Pin=VD4-1
Added Pin To Net: NetName=NetC4_1 Pin=VD5-1
Added Net: Name=NetC4_1
Added Pin To Net: NetName=NetC5_1 Pin=C5-1
Added Pin To Net: NetName=NetC5_1 Pin=U2-5
Added Pin To Net: NetName=NetC5_1 Pin=U2-6
Added Pin To Net: NetName=NetC5_1 Pin=U2-7
Added Pin To Net: NetName=NetC5_1 Pin=U2-8
Added Pin To Net: NetName=NetC5_1 Pin=VD1-1
Added Net: Name=NetC5_1
Added Pin To Net: NetName=NetC6_1 Pin=C6-1
Added Pin To Net: NetName=NetC6_1 Pin=L1-4
Added Pin To Net: NetName=NetC6_1 Pin=R2-2
Added Net: Name=NetC6_1
Added Pin To Net: NetName=NetC7_1 Pin=C7-1
Added Pin To Net: NetName=NetC7_1 Pin=L1-3
Added Pin To Net: NetName=NetC7_1 Pin=VD1-3
Added Net: Name=NetC7_1
Added Pin To Net: NetName=NetC7_2 Pin=C7-2
Added Pin To Net: NetName=NetC7_2 Pin=L1-2
Added Pin To Net: NetName=NetC7_2 Pin=VD1-2
Added Net: Name=NetC7_2
Added Pin To Net: NetName=NetC9_1 Pin=C9-1
Added Pin To Net: NetName=NetC9_1 Pin=U3-8
Added Pin To Net: NetName=NetC9_1 Pin=VD6-1
Added Net: Name=NetC9_1
Added Pin To Net: NetName=NetC9_2 Pin=C9-2
Added Pin To Net: NetName=NetC9_2 Pin=U3-6
Added Net: Name=NetC9_2
Added Pin To Net: NetName=NetC11_1 Pin=C11-1
Added Pin To Net: NetName=NetC11_1 Pin=L3-2
Added Pin To Net: NetName=NetC11_1 Pin=R7-2
Added Pin To Net: NetName=NetC11_1 Pin=R9-2
Added Net: Name=NetC11_1
Added Pin To Net: NetName=NetC12_1 Pin=C12-1
Added Pin To Net: NetName=NetC12_1 Pin=R13-2
Added Net: Name=NetC12_1
Added Pin To Net: NetName=NetC12_2 Pin=C12-2
Added Pin To Net: NetName=NetC12_2 Pin=R20-1
Added Pin To Net: NetName=NetC12_2 Pin=U4-3
Added Net: Name=NetC12_2
Added Pin To Net: NetName=NetC13_1 Pin=C13-1
Added Pin To Net: NetName=NetC13_1 Pin=R20-2
Added Net: Name=NetC13_1
Added Pin To Net: NetName=NetC13_2 Pin=C13-2
Added Pin To Net: NetName=NetC13_2 Pin=R7-1
Added Pin To Net: NetName=NetC13_2 Pin=R10-2
Added Pin To Net: NetName=NetC13_2 Pin=R17-1
Added Pin To Net: NetName=NetC13_2 Pin=U4-2
Added Net: Name=NetC13_2
Added Pin To Net: NetName=NetC14_2 Pin=C14-2
Added Pin To Net: NetName=NetC14_2 Pin=R18-1
Added Pin To Net: NetName=NetC14_2 Pin=U4-16
Added Pin To Net: NetName=NetC14_2 Pin=VD9-1
Added Net: Name=NetC14_2
Added Pin To Net: NetName=NetC15_1 Pin=C15-1
Added Pin To Net: NetName=NetC15_1 Pin=R21-1
Added Pin To Net: NetName=NetC15_1 Pin=U4-4
Added Pin To Net: NetName=NetC15_1 Pin=VD10-2
Added Net: Name=NetC15_1
Added Pin To Net: NetName=NetC16_1 Pin=C16-1
Added Pin To Net: NetName=NetC16_1 Pin=U4-5
Added Net: Name=NetC16_1
Added Pin To Net: NetName=NetF1_1 Pin=F1-1
Added Pin To Net: NetName=NetF1_1 Pin=R2-1
Added Pin To Net: NetName=NetF1_1 Pin=R3-2
Added Net: Name=NetF1_1
Added Pin To Net: NetName=NetL3_1 Pin=L3-1
Added Pin To Net: NetName=NetL3_1 Pin=Q?-3
Added Pin To Net: NetName=NetL3_1 Pin=R6-2
Added Net: Name=NetL3_1
Added Pin To Net: NetName=NetQ?_1 Pin=Q?-1
Added Pin To Net: NetName=NetQ?_1 Pin=R8-1
Added Pin To Net: NetName=NetQ?_1 Pin=R11-1
Added Pin To Net: NetName=NetQ?_1 Pin=VD8-2
Added Net: Name=NetQ?_1
Added Pin To Net: NetName=NetQ?_3 Pin=Q?-3
Added Pin To Net: NetName=NetQ?_3 Pin=R12-1
Added Pin To Net: NetName=NetQ?_3 Pin=R18-2
Added Net: Name=NetQ?_3
Added Pin To Net: NetName=NetR4_1 Pin=R4-1
Added Net: Name=NetR4_1
Added Pin To Net: NetName=NetR4_2 Pin=R4-2
Added Pin To Net: NetName=NetR4_2 Pin=U3-2
Added Net: Name=NetR4_2
Added Pin To Net: NetName=NetR5_1 Pin=R5-1
Added Pin To Net: NetName=NetR5_1 Pin=R6-1
Added Pin To Net: NetName=NetR5_1 Pin=VD7-2
Added Net: Name=NetR5_1
Added Pin To Net: NetName=NetR5_2 Pin=R5-2
Added Pin To Net: NetName=NetR5_2 Pin=U3-7
Added Pin To Net: NetName=NetR5_2 Pin=VD7-1
Added Net: Name=NetR5_2
Added Pin To Net: NetName=NetR8_2 Pin=R8-2
Added Pin To Net: NetName=NetR8_2 Pin=U3-5
Added Pin To Net: NetName=NetR8_2 Pin=VD8-1
Added Net: Name=NetR8_2
Added Pin To Net: NetName=NetR13_1 Pin=R13-1
Added Pin To Net: NetName=NetR13_1 Pin=R14-2
Added Pin To Net: NetName=NetR13_1 Pin=U4-15
Added Net: Name=NetR13_1
Added Pin To Net: NetName=NetR14_1 Pin=R14-1
Added Pin To Net: NetName=NetR14_1 Pin=R15-3
Added Net: Name=NetR14_1
Added Pin To Net: NetName=NetR16_1 Pin=R16-1
Added Pin To Net: NetName=NetR16_1 Pin=R19-2
Added Pin To Net: NetName=NetR16_1 Pin=U4-1
Added Net: Name=NetR16_1
Added Pin To Net: NetName=NetR22_1 Pin=R22-1
Added Pin To Net: NetName=NetR22_1 Pin=U4-6
Added Net: Name=NetR22_1
Added Pin To Net: NetName=NetR23_1 Pin=R23-1
Added Pin To Net: NetName=NetR23_1 Pin=U4-9
Added Net: Name=NetR23_1
Added Pin To Net: NetName=NetR24_1 Pin=R24-1
Added Pin To Net: NetName=NetR24_1 Pin=U4-10
Added Net: Name=NetR24_1
Added Pin To Net: NetName=NetU4_8 Pin=U4-8
Added Pin To Net: NetName=NetU4_8 Pin=U4-11
Added Pin To Net: NetName=NetU4_8 Pin=U4-12
Added Net: Name=NetU4_8
Added Pin To Net: NetName=NetU4_13 Pin=U4-13
Added Pin To Net: NetName=NetU4_13 Pin=XP2-2
Added Net: Name=NetU4_13
Added Pin To Net: NetName=N Pin=C6-2
Added Pin To Net: NetName=N Pin=L1-1
Added Pin To Net: NetName=N Pin=R3-1
Added Pin To Net: NetName=N Pin=XP1-1
Added Net: Name=N
Added Pin To Net: NetName=RESET Pin=C1-2
Added Pin To Net: NetName=RESET Pin=R1-1
Added Net: Name=RESET
Added Net: Name=SDWN
Added Net: Name=SW_MODE
Added Net: Name=SW_PWR
Added Class: Name=MCU
Added Class: Name=Power
Added Class: Name=PWM
Added Room: Name=MCU
Added Room: Name=Power
Added Room: Name=PWM
