Change Physical Footprint: Designator=C1 Old Footprint=SMD_0805 New Footprint=SMD_0805
Change Physical Footprint: Designator=C2 Old Footprint=SMD_0805 New Footprint=SMD_0805
Change Physical Footprint: Designator=C3 Old Footprint=SMD_0805 New Footprint=SMD_0805
Change Physical Footprint: Designator=C4 Old Footprint=CAPR-5/2.5 New Footprint=CAPR-5/2.5
Change Physical Footprint: Designator=C5 Old Footprint=CAPR-10/5 New Footprint=CAPR-10/5
Change Physical Footprint: Designator=C6 Old Footprint=MKR-X2-0.22-10 New Footprint=MKR-X2-0.22-10
Change Physical Footprint: Designator=C7 Old Footprint=MKR-X2-0.22-10 New Footprint=MKR-X2-0.22-10
Change Physical Footprint: Designator=C8 Old Footprint=CAPR-5/2.5 New Footprint=CAPR-5/2.5
Change Physical Footprint: Designator=C9 Old Footprint=SMD_0805 New Footprint=SMD_0805
Change Physical Footprint: Designator=C10 Old Footprint=SMD_0805 New Footprint=SMD_0805
Change Physical Footprint: Designator=C11 Old Footprint=CAPR-5/2.5 New Footprint=CAPR-5/2.5
Change Physical Footprint: Designator=C12 Old Footprint=SMD_0805 New Footprint=SMD_0805
Change Physical Footprint: Designator=C13 Old Footprint=SMD_0805 New Footprint=SMD_0805
Change Physical Footprint: Designator=C14 Old Footprint=SMD_0805 New Footprint=SMD_0805
Change Physical Footprint: Designator=C15 Old Footprint=SMD_0805 New Footprint=SMD_0805
Change Physical Footprint: Designator=C16 Old Footprint=SMD_0805 New Footprint=SMD_0805
Change Physical Footprint: Designator=C17 Old Footprint=SMD_0805 New Footprint=SMD_0805
Change Physical Footprint: Designator=F1 Old Footprint=KLS-1009 New Footprint=KLS-1009
Change Physical Footprint: Designator=L1 Old Footprint=PLA10AN3521R2R2B New Footprint=PLA10AN3521R2R2B
Change Physical Footprint: Designator=L2 Old Footprint=IND-DV0470.00K New Footprint=IND-DV0470.00K
Change Physical Footprint: Designator=L3 Old Footprint=IND-DV0470.00K New Footprint=IND-DV0470.00K
Change Physical Footprint: Designator=Q1 Old Footprint=TO-252 New Footprint=TO-252
Change Physical Footprint: Designator=Q2 Old Footprint=TO-252 New Footprint=TO-252
Change Physical Footprint: Designator=R1 Old Footprint=SMD_0805 New Footprint=SMD_0805
Change Physical Footprint: Designator=R2 Old Footprint=NTC-5mm New Footprint=NTC-5mm
Change Physical Footprint: Designator=R3 Old Footprint=VAR-10D New Footprint=VAR-10D
Change Physical Footprint: Designator=R4 Old Footprint=SMD_0805 New Footprint=SMD_0805
Change Physical Footprint: Designator=R5 Old Footprint=SMD_0805 New Footprint=SMD_0805
Change Physical Footprint: Designator=R6 Old Footprint=SMD_0805 New Footprint=SMD_0805
Change Physical Footprint: Designator=R7 Old Footprint=SMD_0805 New Footprint=SMD_0805
Change Physical Footprint: Designator=R8 Old Footprint=SMD_0805 New Footprint=SMD_0805
Change Physical Footprint: Designator=R9 Old Footprint=VAR-05D New Footprint=VAR-05D
Change Physical Footprint: Designator=R10 Old Footprint=SMD_0805 New Footprint=SMD_0805
Change Physical Footprint: Designator=R11 Old Footprint=SMD_0805 New Footprint=SMD_0805
Change Physical Footprint: Designator=R12 Old Footprint=SMD_0805 New Footprint=SMD_0805
Change Physical Footprint: Designator=R13 Old Footprint=SMD_0805 New Footprint=SMD_0805
Change Physical Footprint: Designator=R14 Old Footprint=SMD_0805 New Footprint=SMD_0805
Change Physical Footprint: Designator=R15 Old Footprint=HEAD-1/3/2.54 New Footprint=HEAD-1/3/2.54
Change Physical Footprint: Designator=R16 Old Footprint=SMD_0805 New Footprint=SMD_0805
Change Physical Footprint: Designator=R17 Old Footprint=SMD_0805 New Footprint=SMD_0805
Change Physical Footprint: Designator=R18 Old Footprint=SMD_0805 New Footprint=SMD_0805
Change Physical Footprint: Designator=R19 Old Footprint=SMD_0805 New Footprint=SMD_0805
Change Physical Footprint: Designator=R20 Old Footprint=SMD_0805 New Footprint=SMD_0805
Change Physical Footprint: Designator=R21 Old Footprint=SMD_0805 New Footprint=SMD_0805
Change Physical Footprint: Designator=R22 Old Footprint=SMD_0805 New Footprint=SMD_0805
Change Physical Footprint: Designator=R23 Old Footprint=SMD_0805 New Footprint=SMD_0805
Change Physical Footprint: Designator=R24 Old Footprint=SMD_0805 New Footprint=SMD_0805
Change Physical Footprint: Designator=U1 Old Footprint=SO8-150mil New Footprint=SO8-150mil
Change Physical Footprint: Designator=U2 Old Footprint=SO8-150mil New Footprint=SO8-150mil
Change Physical Footprint: Designator=U3 Old Footprint=SO8-150mil New Footprint=SO8-150mil
Change Physical Footprint: Designator=U4 Old Footprint=SOIC-16 New Footprint=SOIC-16
Change Physical Footprint: Designator=VD1 Old Footprint=GBU BRIDGE New Footprint=GBU BRIDGE
Change Physical Footprint: Designator=VD2 Old Footprint=SOD-123 New Footprint=SOD-123
Change Physical Footprint: Designator=VD3 Old Footprint=SOD-123 New Footprint=SOD-123
Change Physical Footprint: Designator=VD4 Old Footprint=SMD_0805 New Footprint=SMD_0805
Change Physical Footprint: Designator=VD5 Old Footprint=DO214-AC New Footprint=DO214-AC
Change Physical Footprint: Designator=VD6 Old Footprint=DO214-AC New Footprint=DO214-AC
Change Physical Footprint: Designator=VD7 Old Footprint=SMD_0805 New Footprint=SMD_0805
Change Physical Footprint: Designator=VD8 Old Footprint=SMD_0805 New Footprint=SMD_0805
Change Physical Footprint: Designator=VD9 Old Footprint=SOD-123 New Footprint=SOD-123
Change Physical Footprint: Designator=VD10 Old Footprint=SMD_0805 New Footprint=SMD_0805
Change Physical Footprint: Designator=XP1 Old Footprint=SCREW_TERM-5.0/2 New Footprint=SCREW_TERM-5.0/2
Change Physical Footprint: Designator=XP2 Old Footprint=SCREW_TERM-5.0/2 New Footprint=SCREW_TERM-5.0/2
Change Physical Footprint: Designator=XP3 Old Footprint=HEAD-1/3/2.54 New Footprint=HEAD-1/3/2.54
